INFO [2024-07-26 16:17:11] $x
INFO [2024-07-26 16:17:11] conjuntos
INFO [2024-07-26 16:17:11] 
INFO [2024-07-26 16:17:11] $filename
INFO [2024-07-26 16:17:11] NULL
INFO [2024-07-26 16:17:11] 
INFO [2024-07-26 16:17:11] $fill
INFO [2024-07-26 16:17:11] c("#76d7c4", "#ff922c")
INFO [2024-07-26 16:17:11] 
INFO [2024-07-26 16:17:11] $col
INFO [2024-07-26 16:17:11] [1] "white"
INFO [2024-07-26 16:17:11] 
INFO [2024-07-26 16:17:11] $cex
INFO [2024-07-26 16:17:11] [1] 2
INFO [2024-07-26 16:17:11] 
INFO [2024-07-26 16:17:11] $lwd
INFO [2024-07-26 16:17:11] [1] 2
INFO [2024-07-26 16:17:11] 
INFO [2024-07-26 16:17:11] $cat.cex
INFO [2024-07-26 16:17:11] [1] 3
INFO [2024-07-26 16:17:11] 
