INFO [2024-07-26 16:17:00] $x
INFO [2024-07-26 16:17:00] conjuntos
INFO [2024-07-26 16:17:00] 
INFO [2024-07-26 16:17:00] $filename
INFO [2024-07-26 16:17:00] NULL
INFO [2024-07-26 16:17:00] 
INFO [2024-07-26 16:17:00] $fill
INFO [2024-07-26 16:17:00] c("#76d7c4", "#ff922c")
INFO [2024-07-26 16:17:00] 
INFO [2024-07-26 16:17:00] $col
INFO [2024-07-26 16:17:00] [1] "white"
INFO [2024-07-26 16:17:00] 
INFO [2024-07-26 16:17:00] $cex
INFO [2024-07-26 16:17:00] [1] 2
INFO [2024-07-26 16:17:00] 
INFO [2024-07-26 16:17:00] $lwd
INFO [2024-07-26 16:17:00] [1] 2
INFO [2024-07-26 16:17:00] 
INFO [2024-07-26 16:17:00] $cat.cex
INFO [2024-07-26 16:17:00] [1] 3
INFO [2024-07-26 16:17:00] 
