INFO [2024-07-26 16:16:50] $x
INFO [2024-07-26 16:16:50] conjuntos
INFO [2024-07-26 16:16:50] 
INFO [2024-07-26 16:16:50] $filename
INFO [2024-07-26 16:16:50] NULL
INFO [2024-07-26 16:16:50] 
INFO [2024-07-26 16:16:50] $fill
INFO [2024-07-26 16:16:50] c("#76d7c4", "#ff922c")
INFO [2024-07-26 16:16:50] 
INFO [2024-07-26 16:16:50] $col
INFO [2024-07-26 16:16:50] [1] "blue"
INFO [2024-07-26 16:16:50] 
INFO [2024-07-26 16:16:50] $cex
INFO [2024-07-26 16:16:50] [1] 2
INFO [2024-07-26 16:16:50] 
INFO [2024-07-26 16:16:50] $lwd
INFO [2024-07-26 16:16:50] [1] 2
INFO [2024-07-26 16:16:50] 
INFO [2024-07-26 16:16:50] $cat.cex
INFO [2024-07-26 16:16:50] [1] 3
INFO [2024-07-26 16:16:50] 
