INFO [2024-09-30 09:31:08] $x
INFO [2024-09-30 09:31:08] conjuntos
INFO [2024-09-30 09:31:08] 
INFO [2024-09-30 09:31:08] $filename
INFO [2024-09-30 09:31:08] NULL
INFO [2024-09-30 09:31:08] 
INFO [2024-09-30 09:31:08] $fill
INFO [2024-09-30 09:31:08] c("#76d7c4", "#ff922c")
INFO [2024-09-30 09:31:08] 
INFO [2024-09-30 09:31:08] $col
INFO [2024-09-30 09:31:08] [1] "white"
INFO [2024-09-30 09:31:08] 
INFO [2024-09-30 09:31:08] $cex
INFO [2024-09-30 09:31:08] [1] 2
INFO [2024-09-30 09:31:08] 
INFO [2024-09-30 09:31:08] $lwd
INFO [2024-09-30 09:31:08] [1] 2
INFO [2024-09-30 09:31:08] 
INFO [2024-09-30 09:31:08] $cat.cex
INFO [2024-09-30 09:31:08] [1] 3
INFO [2024-09-30 09:31:08] 
