INFO [2024-09-30 09:31:30] $x
INFO [2024-09-30 09:31:30] conjuntos
INFO [2024-09-30 09:31:30] 
INFO [2024-09-30 09:31:30] $filename
INFO [2024-09-30 09:31:30] NULL
INFO [2024-09-30 09:31:30] 
INFO [2024-09-30 09:31:30] $fill
INFO [2024-09-30 09:31:30] c("#76d7c4", "#ff922c")
INFO [2024-09-30 09:31:30] 
INFO [2024-09-30 09:31:30] $col
INFO [2024-09-30 09:31:30] [1] "white"
INFO [2024-09-30 09:31:30] 
INFO [2024-09-30 09:31:30] $cex
INFO [2024-09-30 09:31:30] [1] 2
INFO [2024-09-30 09:31:30] 
INFO [2024-09-30 09:31:30] $lwd
INFO [2024-09-30 09:31:30] [1] 2
INFO [2024-09-30 09:31:30] 
INFO [2024-09-30 09:31:30] $cat.cex
INFO [2024-09-30 09:31:30] [1] 3
INFO [2024-09-30 09:31:30] 
